2023-04-11 19:59:12,232 [Worker-6: Loading available Gradle versions] INFO  o.e.b.c.i.u.g.PublishedGradleVersions - Gradle version information cache is out-of-date. Trying to update.
2023-04-11 20:24:02,462 [Worker-0: Loading available Gradle versions] INFO  o.e.b.c.i.u.g.PublishedGradleVersions - Gradle version information cache is up-to-date. Trying to read.
2023-04-11 20:40:17,132 [Worker-8: Loading available Gradle versions] INFO  o.e.b.c.i.u.g.PublishedGradleVersions - Gradle version information cache is up-to-date. Trying to read.
2023-04-11 20:43:19,729 [Start Help Server] INFO  org.eclipse.jetty.server.Server - jetty-10.0.13; built: 2022-12-07T20:13:20.134Z; git: 1c2636ea05c0ca8de1ffd6ca7f3a98ac084c766d; jvm 18.0.2.1+1-1
2023-04-11 20:43:19,747 [Start Help Server] INFO  o.e.j.s.s.DefaultSessionIdManager - Session workerName=node0
2023-04-11 20:43:19,768 [Start Help Server] INFO  o.e.j.server.handler.ContextHandler - Started o.e.j.s.ServletContextHandler@66af4b94{/help,null,AVAILABLE}
2023-04-11 20:43:19,777 [Start Help Server] INFO  o.e.jetty.server.AbstractConnector - Started ServerConnector@23c4bfa7{HTTP/1.1, (http/1.1)}{127.0.0.1:51699}
2023-04-11 20:43:19,779 [Start Help Server] INFO  org.eclipse.jetty.server.Server - Started Server@fe70c77{STARTING}[10.0.13,sto=0] @256171ms
2023-04-11 20:51:20,382 [Stop Help Server] INFO  org.eclipse.jetty.server.Server - Stopped Server@fe70c77{STOPPING}[10.0.13,sto=0]
2023-04-11 20:51:20,385 [Stop Help Server] INFO  o.e.jetty.server.AbstractConnector - Stopped ServerConnector@23c4bfa7{HTTP/1.1, (http/1.1)}{127.0.0.1:0}
2023-04-11 20:51:20,424 [Stop Help Server] INFO  o.e.j.server.handler.ContextHandler - Stopped o.e.j.s.ServletContextHandler@66af4b94{/help,null,STOPPED}
2023-04-11 21:05:08,001 [Worker-4: Loading available Gradle versions] INFO  o.e.b.c.i.u.g.PublishedGradleVersions - Gradle version information cache is up-to-date. Trying to read.
2023-04-13 20:50:00,057 [Worker-0: Loading available Gradle versions] INFO  o.e.b.c.i.u.g.PublishedGradleVersions - Gradle version information cache is out-of-date. Trying to update.
2023-04-14 20:46:07,275 [Worker-3: Loading available Gradle versions] INFO  o.e.b.c.i.u.g.PublishedGradleVersions - Gradle version information cache is up-to-date. Trying to read.
2023-04-20 17:20:55,031 [Worker-6: Loading available Gradle versions] INFO  o.e.b.c.i.u.g.PublishedGradleVersions - Gradle version information cache is up-to-date. Trying to read.
2023-05-26 19:02:14,048 [Worker-1: Loading available Gradle versions] INFO  o.e.b.c.i.u.g.PublishedGradleVersions - Gradle version information cache is out-of-date. Trying to update.
2023-05-27 13:02:14,769 [Worker-6: Loading available Gradle versions] INFO  o.e.b.c.i.u.g.PublishedGradleVersions - Gradle version information cache is up-to-date. Trying to read.
2023-05-28 12:42:38,130 [Worker-0: Loading available Gradle versions] INFO  o.e.b.c.i.u.g.PublishedGradleVersions - Gradle version information cache is up-to-date. Trying to read.
2023-05-28 13:36:56,688 [Worker-8: Loading available Gradle versions] INFO  o.e.b.c.i.u.g.PublishedGradleVersions - Gradle version information cache is up-to-date. Trying to read.
2023-05-28 15:36:09,782 [Worker-8: Loading available Gradle versions] INFO  o.e.b.c.i.u.g.PublishedGradleVersions - Gradle version information cache is up-to-date. Trying to read.
2023-05-29 15:18:54,796 [Worker-6: Loading available Gradle versions] INFO  o.e.b.c.i.u.g.PublishedGradleVersions - Gradle version information cache is out-of-date. Trying to update.
2023-05-30 15:49:40,403 [Worker-4: Loading available Gradle versions] INFO  o.e.b.c.i.u.g.PublishedGradleVersions - Gradle version information cache is out-of-date. Trying to update.
